

*******************************************************************************
Tue Mar 12 04:53:25 2013


FIT:    data read from "glycerinGnu.txt" using 1:2
        format = x:z
        #datapoints = 12
        residuals are weighted equally (unit weight)

function used for fitting: f(x)
fitted parameters initialized with current variable values



 Iteration 0
 WSSR        : 2.23566e+09       delta(WSSR)/WSSR   : 0
 delta(WSSR) : 0                 limit for stopping : 1e-05
 lambda	  : 231.36

initial set of free parameter values

m               = 1
b               = 1

After 8 iterations the fit converged.
final sum of squares of residuals : 30.8649
rel. change during last iteration : -3.72331e-11

degrees of freedom    (FIT_NDF)                        : 10
rms of residuals      (FIT_STDFIT) = sqrt(WSSR/ndf)    : 1.75684
variance of residuals (reduced chisquare) = WSSR/ndf   : 3.08649

Final set of parameters            Asymptotic Standard Error
=======================            ==========================

m               = 42.919           +/- 0.6943       (1.618%)
b               = -65.1603         +/- 227.2        (348.6%)


correlation matrix of the fit parameters:

               m      b      
m               1.000 
b              -1.000  1.000 


*******************************************************************************
Tue Mar 12 04:54:28 2013


FIT:    data read from "glycerinGnu.txt" using 1:2
        format = x:z
        #datapoints = 12
        residuals are weighted equally (unit weight)

function used for fitting: f(x)
fitted parameters initialized with current variable values



 Iteration 0
 WSSR        : 1.18476e+06       delta(WSSR)/WSSR   : 0
 delta(WSSR) : 0                 limit for stopping : 1e-05
 lambda	  : 231.36

initial set of free parameter values

m               = 1
b               = 1

After 8 iterations the fit converged.
final sum of squares of residuals : 3.08649e-05
rel. change during last iteration : -9.52294e-09

degrees of freedom    (FIT_NDF)                        : 10
rms of residuals      (FIT_STDFIT) = sqrt(WSSR/ndf)    : 0.00175684
variance of residuals (reduced chisquare) = WSSR/ndf   : 3.08649e-06

Final set of parameters            Asymptotic Standard Error
=======================            ==========================

m               = 0.042919         +/- 0.0006943    (1.618%)
b               = -0.0651603       +/- 0.2272       (348.6%)


correlation matrix of the fit parameters:

               m      b      
m               1.000 
b              -1.000  1.000 


*******************************************************************************
Tue Mar 12 05:01:25 2013


FIT:    data read from "glycerinGnu.txt" using 1:2
        format = x:z
        #datapoints = 12
        residuals are weighted equally (unit weight)

function used for fitting: f(x)
fitted parameters initialized with current variable values



 Iteration 0
 WSSR        : 1.18476e+06       delta(WSSR)/WSSR   : 0
 delta(WSSR) : 0                 limit for stopping : 1e-05
 lambda	  : 231.36

initial set of free parameter values

m               = 1
b               = 1

After 8 iterations the fit converged.
final sum of squares of residuals : 3.08649e-05
rel. change during last iteration : -9.52294e-09

degrees of freedom    (FIT_NDF)                        : 10
rms of residuals      (FIT_STDFIT) = sqrt(WSSR/ndf)    : 0.00175684
variance of residuals (reduced chisquare) = WSSR/ndf   : 3.08649e-06

Final set of parameters            Asymptotic Standard Error
=======================            ==========================

m               = 0.042919         +/- 0.0006943    (1.618%)
b               = -0.0651603       +/- 0.2272       (348.6%)


correlation matrix of the fit parameters:

               m      b      
m               1.000 
b              -1.000  1.000 
